<?xml version="1.0" encoding="UTF-8"?>
<!-- Generated by org.testng.reporters.JUnitReportReporter -->
<testsuite skipped="1" hostname="DESKTOP-9AKMA4K" name="day1.openWeatherAPI" tests="3" failures="0" timestamp="09 Nov 2021 07:29:55 GMT" time="4.205" errors="0">
  <testcase name="getWeather" time="3.842" classname="day1.openWeatherAPI"/>
  <testcase name="getWeatherInfo3" time="0.363" classname="day1.openWeatherAPI"/>
  <testcase name="getWeatherInfo2" classname="day1.openWeatherAPI">
    <skipped/>
  </testcase> <!-- getWeatherInfo2 -->
</testsuite> <!-- day1.openWeatherAPI -->
