<?xml version="1.0" encoding="UTF-8"?>
<!-- Generated by org.testng.reporters.JUnitReportReporter -->
<testsuite skipped="0" hostname="DESKTOP-9AKMA4K" name="day1.GitHubExample" tests="1" failures="0" timestamp="09 Nov 2021 11:38:25 GMT" time="3.120" errors="0">
  <testcase name="getAllRepo" time="3.120" classname="day1.GitHubExample"/>
</testsuite> <!-- day1.GitHubExample -->
