<?xml version="1.0" encoding="UTF-8"?>
<!-- Generated by org.testng.reporters.JUnitReportReporter -->
<testsuite skipped="0" hostname="DESKTOP-9AKMA4K" name="day1.PostiveTest" tests="5" failures="0" timestamp="10 Nov 2021 04:50:31 GMT" time="11.241" errors="0">
  <testcase name="UpdateContact" time="0.569" classname="day1.PostiveTest"/>
  <testcase name="getSpecificContact" time="0.490" classname="day1.PostiveTest"/>
  <testcase name="addContact" time="6.258" classname="day1.PostiveTest"/>
  <testcase name="getAllContactList" time="3.395" classname="day1.PostiveTest"/>
  <testcase name="deleteSpecificContact" time="0.529" classname="day1.PostiveTest"/>
</testsuite> <!-- day1.PostiveTest -->
